<?xml version="1.0" encoding="UTF-8"?>
<testsuite xmlns:xsi="http://www.w3.org/2001/XMLSchema-instance" xsi:noNamespaceSchemaLocation="https://maven.apache.org/surefire/maven-surefire-plugin/xsd/surefire-test-report-3.0.xsd" version="3.0" name="ParqueaderoTest" time="0.159" tests="44" errors="0" skipped="0" failures="0">
  <properties>
[...]
</properties>
  <testcase name="testHayCarrosPlacaIgualDiferentes" classname="ParqueaderoTest" time="0.005"/>
  <testcase name="testEstaOcupadoConCarro" classname="ParqueaderoTest" time="0.004"/>
  <testcase name="testTiempoPromedioConCarros" classname="ParqueaderoTest" time="0.001"/>
  <testcase name="testMetodo1SinCarro24Horas" classname="ParqueaderoTest" time="0.019"/>
  <testcase name="testAvanzarHora" classname="ParqueaderoTest" time="0.001"/>
  <testcase name="testSacarCarroParqueaderoCerrado" classname="ParqueaderoTest" time="0"/>
  <testcase name="testHayUnCarroMasDeOchoHorasFalseSinCarros" classname="ParqueaderoTest" time="0"/>
  <testcase name="testDarPlacaCarroExiste" classname="ParqueaderoTest" time="0.007"/>
  <testcase name="testCambiarTarifaAfectaPago" classname="ParqueaderoTest" time="0.001"/>
  <testcase name="testHayUnCarroMasDeOchoHorasTrue" classname="ParqueaderoTest" time="0"/>
  <testcase name="testVerificarPlacaPosicion" classname="ParqueaderoTest" time="0.002"/>
  <testcase name="testConstantes" classname="ParqueaderoTest" time="0.001"/>
  <testcase name="testHayCarroMasDeOchoHorasSinCarros" classname="ParqueaderoTest" time="0"/>
  <testcase name="testCambiarTarifa" classname="ParqueaderoTest" time="0.001"/>
  <testcase name="testAvanzarHoraCierraParqueadero" classname="ParqueaderoTest" time="0.001"/>
  <testcase name="testHayCarroMasDeOchoHorasExiste" classname="ParqueaderoTest" time="0.002"/>
  <testcase name="testEntrarCarroParqueaderoCerrado" classname="ParqueaderoTest" time="0"/>
  <testcase name="testHayCarroMas24HorasSinCarros" classname="ParqueaderoTest" time="0.001"/>
  <testcase name="testSacarCarroLiberaPuesto" classname="ParqueaderoTest" time="0.001"/>
  <testcase name="testFlujoCompleto" classname="ParqueaderoTest" time="0.001"/>
  <testcase name="testSacarCarroExitoso" classname="ParqueaderoTest" time="0.001"/>
  <testcase name="testEstaOcupadoVacio" classname="ParqueaderoTest" time="0.003"/>
  <testcase name="testSacarCarroActualizaCaja" classname="ParqueaderoTest" time="0.001"/>
  <testcase name="testSacarCarroNoExiste" classname="ParqueaderoTest" time="0.003"/>
  <testcase name="testEntrarCarroPrimerPuesto" classname="ParqueaderoTest" time="0.002"/>
  <testcase name="testHayCarrosPlacaIgualSinCarros" classname="ParqueaderoTest" time="0.001"/>
  <testcase name="testCarrosMasDeTresHorasVacio" classname="ParqueaderoTest" time="0.001"/>
  <testcase name="testMetodo1" classname="ParqueaderoTest" time="0.006"/>
  <testcase name="testMetodo2" classname="ParqueaderoTest" time="0.001"/>
  <testcase name="testMetodo2SinCarros" classname="ParqueaderoTest" time="0.003"/>
  <testcase name="testMultiplesCarrosPB" classname="ParqueaderoTest" time="0.002"/>
  <testcase name="testEntrarCarroExitoso" classname="ParqueaderoTest" time="0.001"/>
  <testcase name="testCalcularPuestosLibresConCarros" classname="ParqueaderoTest" time="0.001"/>
  <testcase name="testHayCarroMasDeOchoHorasNinguno" classname="ParqueaderoTest" time="0.003"/>
  <testcase name="testContarCarrosPBSinCarros" classname="ParqueaderoTest" time="0.001"/>
  <testcase name="testDesocuparParqueadero" classname="ParqueaderoTest" time="0.008">
    <system-out><![CDATA[Carros sacados: 3
]]></system-out>
  </testcase>
  <testcase name="testCarrosMasDeTresHorasConCarros" classname="ParqueaderoTest" time="0.002"/>
  <testcase name="testDarPlacaCarroNoExiste" classname="ParqueaderoTest" time="0.002"/>
  <testcase name="testTiempoPromedioSinCarros" classname="ParqueaderoTest" time="0.003"/>
  <testcase name="testEntrarCarroParqueaderoLleno" classname="ParqueaderoTest" time="0.004"/>
  <testcase name="testCalcularPuestosLibresVacio" classname="ParqueaderoTest" time="0.003"/>
  <testcase name="testHayCarroMas24HorasFalse" classname="ParqueaderoTest" time="0.001"/>
  <testcase name="testContarCarrosPBConCarros" classname="ParqueaderoTest" time="0.001"/>
  <testcase name="testConstructor" classname="ParqueaderoTest" time="0.001"/>
</testsuite>